<?xml version="1.0" encoding="UTF-8"?>
<coverage generated="1645476229151" clover="3.2.0">
  <project timestamp="1645476229152" name="All files">
    <metrics statements="25" coveredstatements="9" conditionals="4" coveredconditionals="0" methods="9" coveredmethods="1" elements="38" coveredelements="10" complexity="0" loc="25" ncloc="25" packages="1" files="1" classes="1"/>
    <file name="app.js" path="/home/squintanchala/Documents/pet-project/src/app.js">
      <metrics statements="25" coveredstatements="9" conditionals="4" coveredconditionals="0" methods="9" coveredmethods="1"/>
      <line num="4" count="1" type="stmt"/>
      <line num="6" count="1" type="stmt"/>
      <line num="7" count="0" type="stmt"/>
      <line num="14" count="1" type="stmt"/>
      <line num="15" count="1" type="stmt"/>
      <line num="16" count="1" type="stmt"/>
      <line num="18" count="0" type="stmt"/>
      <line num="19" count="0" type="stmt"/>
      <line num="20" count="0" type="stmt"/>
      <line num="21" count="0" type="stmt"/>
      <line num="22" count="0" type="stmt"/>
      <line num="24" count="0" type="stmt"/>
      <line num="27" count="1" type="stmt"/>
      <line num="29" count="1" type="stmt"/>
      <line num="30" count="0" type="stmt"/>
      <line num="33" count="1" type="stmt"/>
      <line num="34" count="0" type="stmt"/>
      <line num="36" count="0" type="stmt"/>
      <line num="37" count="0" type="stmt"/>
      <line num="39" count="0" type="cond" truecount="0" falsecount="2"/>
      <line num="40" count="0" type="cond" truecount="0" falsecount="2"/>
      <line num="41" count="0" type="stmt"/>
      <line num="46" count="1" type="stmt"/>
      <line num="47" count="0" type="stmt"/>
      <line num="48" count="0" type="stmt"/>
    </file>
  </project>
</coverage>
